0 info it worked if it ends with ok
1 verbose cli [ 'node', '/usr/local/bin/npm', 'publish' ]
2 info using npm@2.7.4
3 info using node@v0.12.2
4 verbose publish [ '.' ]
5 silly cache add args [ '.', null ]
6 verbose cache add spec .
7 silly cache add parsed spec { raw: '.',
7 silly cache add   scope: null,
7 silly cache add   name: null,
7 silly cache add   rawSpec: '.',
7 silly cache add   spec: '/Users/oigil/workspace/obfus',
7 silly cache add   type: 'directory' }
8 verbose addLocalDirectory /Users/oigil/.npm/obfus/1.0.9/package.tgz not in flight; packing
9 verbose tar pack [ '/Users/oigil/.npm/obfus/1.0.9/package.tgz',
9 verbose tar pack   '/Users/oigil/workspace/obfus' ]
10 verbose tarball /Users/oigil/.npm/obfus/1.0.9/package.tgz
11 verbose folder /Users/oigil/workspace/obfus
12 info prepublish obfus@1.0.9
13 verbose addLocalTarball adding from inside cache /Users/oigil/.npm/obfus/1.0.9/package.tgz
14 silly cache afterAdd obfus@1.0.9
15 verbose afterAdd /Users/oigil/.npm/obfus/1.0.9/package/package.json not in flight; writing
16 verbose afterAdd /Users/oigil/.npm/obfus/1.0.9/package/package.json written
17 silly publish { name: 'obfus',
17 silly publish   version: '1.0.9',
17 silly publish   license: 'MIT',
17 silly publish   author: { name: 'Gyutae Jo', email: 'oigil.jo@gmail.com' },
17 silly publish   bin: { obfus: 'bin/obfus' },
17 silly publish   main: 'index.js',
17 silly publish   preferGlobal: true,
17 silly publish   description: 'Obfuscate IDs or classNames with unique and random strings.',
17 silly publish   dependencies:
17 silly publish    { minimist: '^1.1.1',
17 silly publish      'node-dir': '^0.1.6',
17 silly publish      'random-string': '^0.1.2',
17 silly publish      sync: '^0.2.5',
17 silly publish      underscore: '^1.8.2' },
17 silly publish   repository: { type: 'git', url: 'https://github.com/oigil/obfus.git' },
17 silly publish   readme: '#Obfus\n\n  Obfuscate IDs or classNames with unique and random strings.\n\n### Installation\n\n```bash\n$ npm install obfus -g\n```\n\n### Usage\n```bash\n$ obfus <config-json-path>\n```\n\n### Config JSON Specification\n```bash\n    {\n        "separator": "\\_\\_(.+?)\\_\\_"\n        "source": [\n                "public/js", //If a directory is defined, it explorers all the sub-directories and files.\n                "public/css",\n                "public/index.html"\n        ]\n        "obfuscationDictionary": {} //Dictionary object to load. (Keep it blank)\n        "obfuscationDictionaryLog": "obfus_dictionary.log" //Dictionary log\'s filename. (Keep it blank if you don\'t need it.)\n        "source_postfix": "_old"\n        "target_postfix": ""\n    }\n```\n\n## People\n\nCavin Jo ([oigil.jo@gmail.com](https://github.com/oigil))\n\n## License\n\n  [MIT]\n',
17 silly publish   readmeFilename: 'README.md',
17 silly publish   gitHead: '853f62718428bc88f8cbdad207c38ddcb8cd16da',
17 silly publish   bugs: { url: 'https://github.com/oigil/obfus/issues' },
17 silly publish   homepage: 'https://github.com/oigil/obfus',
17 silly publish   _id: 'obfus@1.0.9',
17 silly publish   scripts: {},
17 silly publish   _shasum: '8b80410da0acfb38f593334d99c07a922e1d899e',
17 silly publish   _from: '.' }
18 silly mapToRegistry name obfus
19 silly mapToRegistry using default registry
20 silly mapToRegistry registry https://registry.npmjs.org/
21 silly mapToRegistry uri https://registry.npmjs.org/obfus
22 verbose publish registryBase https://registry.npmjs.org/
23 silly publish uploading /Users/oigil/.npm/obfus/1.0.9/package.tgz
24 verbose request uri https://registry.npmjs.org/obfus
25 verbose request sending authorization for write operation
26 info attempt registry request try #1 at 20:02:26
27 verbose request id 51a376269503cf69
28 http request PUT https://registry.npmjs.org/obfus
29 http 409 https://registry.npmjs.org/obfus
30 verbose headers { date: 'Thu, 02 Apr 2015 11:02:27 GMT',
30 verbose headers   server: 'Apache',
30 verbose headers   'content-type': 'application/json',
30 verbose headers   'cache-control': 'max-age=60',
30 verbose headers   'content-length': '17',
30 verbose headers   'accept-ranges': 'bytes',
30 verbose headers   via: '1.1 varnish',
30 verbose headers   'x-served-by': 'cache-nrt6130-NRT',
30 verbose headers   'x-cache': 'MISS',
30 verbose headers   'x-cache-hits': '0',
30 verbose headers   'x-timer': 'S1427972546.830067,VS0,VE518',
30 verbose headers   'keep-alive': 'timeout=10, max=50',
30 verbose headers   connection: 'Keep-Alive' }
31 verbose request invalidating /Users/oigil/.npm/registry.npmjs.org/obfus on PUT
32 verbose request uri https://registry.npmjs.org/obfus?write=true
33 verbose request no auth needed
34 info attempt registry request try #1 at 20:02:27
35 http request GET https://registry.npmjs.org/obfus?write=true
36 http 200 https://registry.npmjs.org/obfus?write=true
37 verbose stack Error: cannot modify pre-existing version
37 verbose stack     at conflictError (/usr/local/lib/node_modules/npm/node_modules/npm-registry-client/lib/publish.js:182:11)
37 verbose stack     at CachingRegistryClient.putNext (/usr/local/lib/node_modules/npm/node_modules/npm-registry-client/lib/publish.js:145:15)
37 verbose stack     at /usr/local/lib/node_modules/npm/node_modules/npm-registry-client/lib/publish.js:128:15
37 verbose stack     at /usr/local/lib/node_modules/npm/lib/cache/caching-client.js:52:8
37 verbose stack     at f (/usr/local/lib/node_modules/npm/node_modules/once/once.js:17:25)
37 verbose stack     at /usr/local/lib/node_modules/npm/node_modules/npm-registry-client/lib/request.js:68:16
37 verbose stack     at f (/usr/local/lib/node_modules/npm/node_modules/once/once.js:17:25)
37 verbose stack     at CachingRegistryClient.<anonymous> (/usr/local/lib/node_modules/npm/node_modules/npm-registry-client/lib/request.js:255:12)
37 verbose stack     at Request._callback (/usr/local/lib/node_modules/npm/node_modules/npm-registry-client/lib/request.js:170:14)
37 verbose stack     at Request.self.callback (/usr/local/lib/node_modules/npm/node_modules/request/request.js:344:22)
38 verbose pkgid obfus
39 verbose cwd /Users/oigil/workspace/obfus
40 error Darwin 14.1.0
41 error argv "node" "/usr/local/bin/npm" "publish"
42 error node v0.12.2
43 error npm  v2.7.4
44 error code EPUBLISHCONFLICT
45 error publish fail Cannot publish over existing version.
45 error publish fail Update the 'version' field in package.json and try again.
45 error publish fail
45 error publish fail To automatically increment version numbers, see:
45 error publish fail     npm help version
46 verbose exit [ 1, true ]
